d_11_genrator_app/android/app/build/intermediates/manifest_merge_blame_file/debug/manifest-merger-blame-debug-report.txt
1<?xml version="1.0" encoding="utf-8"?>
2<manifest xmlns:android="http://schemas.android.com/apk/res/android"
3    package="com.example.d_11_genrator_app"
4    android:versionCode="1"
5    android:versionName="1.0.0" >
6
7    <uses-sdk
8        android:minSdkVersion="23"
9        android:targetSdkVersion="35" />
10    <!--
11         The INTERNET permission is required for development. Specifically,
12         the Flutter tool needs it to communicate with the running application
13         to allow setting breakpoints, to provide hot reload, etc.
14    -->
15    <uses-permission android:name="android.permission.INTERNET" />
15-->src\debug\AndroidManifest.xml:6:5-66
15-->src\debug\AndroidManifest.xml:6:22-64
16    <!--
17     Required to query activities that can process text, see:
18         https://developer.android.com/training/package-visibility and
19         https://developer.android.com/reference/android/content/Intent#ACTION_PROCESS_TEXT.
20
21         In particular, this is used by the Flutter engine in io.flutter.plugin.text.ProcessTextPlugin.
22    -->
23    <queries>
23-->src\main\AndroidManifest.xml:39:5-44:15
24        <intent>
24-->src\main\AndroidManifest.xml:40:9-43:18
25            <action android:name="android.intent.action.PROCESS_TEXT" />
25-->src\main\AndroidManifest.xml:41:13-72
25-->src\main\AndroidManifest.xml:41:21-70
26
27            <data android:mimeType="text/plain" />
27-->src\main\AndroidManifest.xml:42:13-50
27-->src\main\AndroidManifest.xml:42:19-48
28        </intent>
29    </queries> <!-- Although the *SdkVersion is captured in gradle build files, this is required for non gradle builds -->
30    <!-- <uses-sdk android:minSdkVersion="21" /> -->
31    <uses-permission android:name="android.permission.ACCESS_NETWORK_STATE" />
31-->[com.google.firebase:firebase-firestore:25.1.1] AndroidManifest.xml:10:5-79
31-->[com.google.firebase:firebase-firestore:25.1.1] AndroidManifest.xml:10:22-76
32    <uses-permission android:name="android.permission.WAKE_LOCK" />
32-->[com.google.android.gms:play-services-measurement-api:22.1.2] AndroidManifest.xml:24:5-68
32-->[com.google.android.gms:play-services-measurement-api:22.1.2] AndroidManifest.xml:24:22-65
33    <uses-permission android:name="com.google.android.gms.permission.AD_ID" />
33-->[com.google.android.gms:play-services-measurement-api:22.1.2] AndroidManifest.xml:25:5-79
33-->[com.google.android.gms:play-services-measurement-api:22.1.2] AndroidManifest.xml:25:22-76
34    <uses-permission android:name="android.permission.ACCESS_ADSERVICES_ATTRIBUTION" />
34-->[com.google.android.gms:play-services-measurement-api:22.1.2] AndroidManifest.xml:26:5-88
34-->[com.google.android.gms:play-services-measurement-api:22.1.2] AndroidManifest.xml:26:22-85
35    <uses-permission android:name="android.permission.ACCESS_ADSERVICES_AD_ID" />
35-->[com.google.android.gms:play-services-measurement-api:22.1.2] AndroidManifest.xml:27:5-82
35-->[com.google.android.gms:play-services-measurement-api:22.1.2] AndroidManifest.xml:27:22-79
36    <uses-permission android:name="com.google.android.finsky.permission.BIND_GET_INSTALL_REFERRER_SERVICE" />
36-->[com.google.android.gms:play-services-measurement:22.1.2] AndroidManifest.xml:26:5-110
36-->[com.google.android.gms:play-services-measurement:22.1.2] AndroidManifest.xml:26:22-107
37    <uses-permission android:name="com.google.android.providers.gsf.permission.READ_GSERVICES" />
37-->[com.google.android.recaptcha:recaptcha:18.5.1] AndroidManifest.xml:9:5-98
37-->[com.google.android.recaptcha:recaptcha:18.5.1] AndroidManifest.xml:9:22-95
38
39    <permission
39-->[androidx.core:core:1.13.1] AndroidManifest.xml:22:5-24:47
40        android:name="com.example.d_11_genrator_app.DYNAMIC_RECEIVER_NOT_EXPORTED_PERMISSION"
40-->[androidx.core:core:1.13.1] AndroidManifest.xml:23:9-81
41        android:protectionLevel="signature" />
41-->[androidx.core:core:1.13.1] AndroidManifest.xml:24:9-44
42
43    <uses-permission android:name="com.example.d_11_genrator_app.DYNAMIC_RECEIVER_NOT_EXPORTED_PERMISSION" />
43-->[androidx.core:core:1.13.1] AndroidManifest.xml:26:5-97
43-->[androidx.core:core:1.13.1] AndroidManifest.xml:26:22-94
44
45    <application
46        android:name="android.app.Application"
47        android:appComponentFactory="androidx.core.app.CoreComponentFactory"
47-->[androidx.core:core:1.13.1] AndroidManifest.xml:28:18-86
48        android:debuggable="true"
49        android:extractNativeLibs="false"
50        android:icon="@mipmap/ic_launcher"
51        android:label="d_11_genrator_app" >
52        <activity
53            android:name="com.example.d_11_genrator_app.MainActivity"
54            android:configChanges="orientation|keyboardHidden|keyboard|screenSize|smallestScreenSize|locale|layoutDirection|fontScale|screenLayout|density|uiMode"
55            android:exported="true"
56            android:hardwareAccelerated="true"
57            android:launchMode="singleTop"
58            android:taskAffinity=""
59            android:theme="@style/LaunchTheme"
60            android:windowSoftInputMode="adjustResize" >
61
62            <!--
63                 Specifies an Android theme to apply to this Activity as soon as
64                 the Android process has started. This theme is visible to the user
65                 while the Flutter UI initializes. After that, this theme continues
66                 to determine the Window background behind the Flutter UI.
67            -->
68            <meta-data
69                android:name="io.flutter.embedding.android.NormalTheme"
70                android:resource="@style/NormalTheme" />
71
72            <intent-filter>
73                <action android:name="android.intent.action.MAIN" />
74
75                <category android:name="android.intent.category.LAUNCHER" />
76            </intent-filter>
77        </activity>
78        <!--
79             Don't delete the meta-data below.
80             This is used by the Flutter tool to generate GeneratedPluginRegistrant.java
81        -->
82        <meta-data
83            android:name="flutterEmbedding"
84            android:value="2" />
85
86        <service
86-->[:cloud_firestore] AndroidManifest.xml:8:9-12:19
87            android:name="com.google.firebase.components.ComponentDiscoveryService"
87-->[:cloud_firestore] AndroidManifest.xml:8:18-89
88            android:directBootAware="true"
88-->[com.google.firebase:firebase-common:21.0.0] AndroidManifest.xml:32:13-43
89            android:exported="false" >
89-->[com.google.firebase:firebase-firestore:25.1.1] AndroidManifest.xml:16:13-37
90            <meta-data
90-->[:cloud_firestore] AndroidManifest.xml:9:13-11:85
91                android:name="com.google.firebase.components:io.flutter.plugins.firebase.firestore.FlutterFirebaseFirestoreRegistrar"
91-->[:cloud_firestore] AndroidManifest.xml:10:17-134
92                android:value="com.google.firebase.components.ComponentRegistrar" />
92-->[:cloud_firestore] AndroidManifest.xml:11:17-82
93            <meta-data
93-->[:firebase_auth] AndroidManifest.xml:9:13-11:85
94                android:name="com.google.firebase.components:io.flutter.plugins.firebase.auth.FlutterFirebaseAuthRegistrar"
94-->[:firebase_auth] AndroidManifest.xml:10:17-124
95                android:value="com.google.firebase.components.ComponentRegistrar" />
95-->[:firebase_auth] AndroidManifest.xml:11:17-82
96            <meta-data
96-->[:firebase_storage] AndroidManifest.xml:9:13-11:85
97                android:name="com.google.firebase.components:io.flutter.plugins.firebase.storage.FlutterFirebaseAppRegistrar"
97-->[:firebase_storage] AndroidManifest.xml:10:17-126
98                android:value="com.google.firebase.components.ComponentRegistrar" />
98-->[:firebase_storage] AndroidManifest.xml:11:17-82
99            <meta-data
99-->[:firebase_core] AndroidManifest.xml:9:13-11:85
100                android:name="com.google.firebase.components:io.flutter.plugins.firebase.core.FlutterFirebaseCoreRegistrar"
100-->[:firebase_core] AndroidManifest.xml:10:17-124
101                android:value="com.google.firebase.components.ComponentRegistrar" />
101-->[:firebase_core] AndroidManifest.xml:11:17-82
102            <meta-data
102-->[com.google.firebase:firebase-firestore:25.1.1] AndroidManifest.xml:17:13-19:85
103                android:name="com.google.firebase.components:com.google.firebase.firestore.FirebaseFirestoreKtxRegistrar"
103-->[com.google.firebase:firebase-firestore:25.1.1] AndroidManifest.xml:18:17-122
104                android:value="com.google.firebase.components.ComponentRegistrar" />
104-->[com.google.firebase:firebase-firestore:25.1.1] AndroidManifest.xml:19:17-82
105            <meta-data
105-->[com.google.firebase:firebase-firestore:25.1.1] AndroidManifest.xml:20:13-22:85
106                android:name="com.google.firebase.components:com.google.firebase.firestore.FirestoreRegistrar"
106-->[com.google.firebase:firebase-firestore:25.1.1] AndroidManifest.xml:21:17-111
107                android:value="com.google.firebase.components.ComponentRegistrar" />
107-->[com.google.firebase:firebase-firestore:25.1.1] AndroidManifest.xml:22:17-82
108            <meta-data
108-->[com.google.firebase:firebase-auth:23.1.0] AndroidManifest.xml:69:13-71:85
109                android:name="com.google.firebase.components:com.google.firebase.auth.FirebaseAuthRegistrar"
109-->[com.google.firebase:firebase-auth:23.1.0] AndroidManifest.xml:70:17-109
110                android:value="com.google.firebase.components.ComponentRegistrar" />
110-->[com.google.firebase:firebase-auth:23.1.0] AndroidManifest.xml:71:17-82
111            <meta-data
111-->[com.google.firebase:firebase-storage:21.0.1] AndroidManifest.xml:30:13-32:85
112                android:name="com.google.firebase.components:com.google.firebase.storage.FirebaseStorageKtxRegistrar"
112-->[com.google.firebase:firebase-storage:21.0.1] AndroidManifest.xml:31:17-118
113                android:value="com.google.firebase.components.ComponentRegistrar" />
113-->[com.google.firebase:firebase-storage:21.0.1] AndroidManifest.xml:32:17-82
114            <meta-data
114-->[com.google.firebase:firebase-storage:21.0.1] AndroidManifest.xml:33:13-35:85
115                android:name="com.google.firebase.components:com.google.firebase.storage.StorageRegistrar"
115-->[com.google.firebase:firebase-storage:21.0.1] AndroidManifest.xml:34:17-107
116                android:value="com.google.firebase.components.ComponentRegistrar" />
116-->[com.google.firebase:firebase-storage:21.0.1] AndroidManifest.xml:35:17-82
117            <meta-data
117-->[com.google.android.gms:play-services-measurement-api:22.1.2] AndroidManifest.xml:37:13-39:85
118                android:name="com.google.firebase.components:com.google.firebase.analytics.connector.internal.AnalyticsConnectorRegistrar"
118-->[com.google.android.gms:play-services-measurement-api:22.1.2] AndroidManifest.xml:38:17-139
119                android:value="com.google.firebase.components.ComponentRegistrar" />
119-->[com.google.android.gms:play-services-measurement-api:22.1.2] AndroidManifest.xml:39:17-82
120            <meta-data
120-->[com.google.firebase:firebase-appcheck:18.0.0] AndroidManifest.xml:25:13-27:85
121                android:name="com.google.firebase.components:com.google.firebase.appcheck.FirebaseAppCheckKtxRegistrar"
121-->[com.google.firebase:firebase-appcheck:18.0.0] AndroidManifest.xml:26:17-120
122                android:value="com.google.firebase.components.ComponentRegistrar" />
122-->[com.google.firebase:firebase-appcheck:18.0.0] AndroidManifest.xml:27:17-82
123            <meta-data
123-->[com.google.firebase:firebase-appcheck:18.0.0] AndroidManifest.xml:28:13-30:85
124                android:name="com.google.firebase.components:com.google.firebase.appcheck.FirebaseAppCheckRegistrar"
124-->[com.google.firebase:firebase-appcheck:18.0.0] AndroidManifest.xml:29:17-117
125                android:value="com.google.firebase.components.ComponentRegistrar" />
125-->[com.google.firebase:firebase-appcheck:18.0.0] AndroidManifest.xml:30:17-82
126            <meta-data
126-->[com.google.firebase:firebase-installations:18.0.0] AndroidManifest.xml:15:13-17:85
127                android:name="com.google.firebase.components:com.google.firebase.installations.FirebaseInstallationsKtxRegistrar"
127-->[com.google.firebase:firebase-installations:18.0.0] AndroidManifest.xml:16:17-130
128                android:value="com.google.firebase.components.ComponentRegistrar" />
128-->[com.google.firebase:firebase-installations:18.0.0] AndroidManifest.xml:17:17-82
129            <meta-data
129-->[com.google.firebase:firebase-installations:18.0.0] AndroidManifest.xml:18:13-20:85
130                android:name="com.google.firebase.components:com.google.firebase.installations.FirebaseInstallationsRegistrar"
130-->[com.google.firebase:firebase-installations:18.0.0] AndroidManifest.xml:19:17-127
131                android:value="com.google.firebase.components.ComponentRegistrar" />
131-->[com.google.firebase:firebase-installations:18.0.0] AndroidManifest.xml:20:17-82
132            <meta-data
132-->[com.google.firebase:firebase-common-ktx:21.0.0] AndroidManifest.xml:12:13-14:85
133                android:name="com.google.firebase.components:com.google.firebase.ktx.FirebaseCommonLegacyRegistrar"
133-->[com.google.firebase:firebase-common-ktx:21.0.0] AndroidManifest.xml:13:17-116
134                android:value="com.google.firebase.components.ComponentRegistrar" />
134-->[com.google.firebase:firebase-common-ktx:21.0.0] AndroidManifest.xml:14:17-82
135            <meta-data
135-->[com.google.firebase:firebase-common:21.0.0] AndroidManifest.xml:35:13-37:85
136                android:name="com.google.firebase.components:com.google.firebase.FirebaseCommonKtxRegistrar"
136-->[com.google.firebase:firebase-common:21.0.0] AndroidManifest.xml:36:17-109
137                android:value="com.google.firebase.components.ComponentRegistrar" />
137-->[com.google.firebase:firebase-common:21.0.0] AndroidManifest.xml:37:17-82
138        </service>
139
140        <provider
140-->[:image_picker_android] AndroidManifest.xml:9:9-17:20
141            android:name="io.flutter.plugins.imagepicker.ImagePickerFileProvider"
141-->[:image_picker_android] AndroidManifest.xml:10:13-82
142            android:authorities="com.example.d_11_genrator_app.flutter.image_provider"
142-->[:image_picker_android] AndroidManifest.xml:11:13-74
143            android:exported="false"
143-->[:image_picker_android] AndroidManifest.xml:12:13-37
144            android:grantUriPermissions="true" >
144-->[:image_picker_android] AndroidManifest.xml:13:13-47
145            <meta-data
145-->[:image_picker_android] AndroidManifest.xml:14:13-16:75
146                android:name="android.support.FILE_PROVIDER_PATHS"
146-->[:image_picker_android] AndroidManifest.xml:15:17-67
147                android:resource="@xml/flutter_image_picker_file_paths" />
147-->[:image_picker_android] AndroidManifest.xml:16:17-72
148        </provider> <!-- Trigger Google Play services to install the backported photo picker module. -->
149        <service
149-->[:image_picker_android] AndroidManifest.xml:19:9-31:19
150            android:name="com.google.android.gms.metadata.ModuleDependencies"
150-->[:image_picker_android] AndroidManifest.xml:20:13-78
151            android:enabled="false"
151-->[:image_picker_android] AndroidManifest.xml:21:13-36
152            android:exported="false" >
152-->[:image_picker_android] AndroidManifest.xml:22:13-37
153            <intent-filter>
153-->[:image_picker_android] AndroidManifest.xml:24:13-26:29
154                <action android:name="com.google.android.gms.metadata.MODULE_DEPENDENCIES" />
154-->[:image_picker_android] AndroidManifest.xml:25:17-94
154-->[:image_picker_android] AndroidManifest.xml:25:25-91
155            </intent-filter>
156
157            <meta-data
157-->[:image_picker_android] AndroidManifest.xml:28:13-30:36
158                android:name="photopicker_activity:0:required"
158-->[:image_picker_android] AndroidManifest.xml:29:17-63
159                android:value="" />
159-->[:image_picker_android] AndroidManifest.xml:30:17-33
160        </service>
161
162        <activity
162-->[com.google.firebase:firebase-auth:23.1.0] AndroidManifest.xml:29:9-46:20
163            android:name="com.google.firebase.auth.internal.GenericIdpActivity"
163-->[com.google.firebase:firebase-auth:23.1.0] AndroidManifest.xml:30:13-80
164            android:excludeFromRecents="true"
164-->[com.google.firebase:firebase-auth:23.1.0] AndroidManifest.xml:31:13-46
165            android:exported="true"
165-->[com.google.firebase:firebase-auth:23.1.0] AndroidManifest.xml:32:13-36
166            android:launchMode="singleTask"
166-->[com.google.firebase:firebase-auth:23.1.0] AndroidManifest.xml:33:13-44
167            android:theme="@android:style/Theme.Translucent.NoTitleBar" >
167-->[com.google.firebase:firebase-auth:23.1.0] AndroidManifest.xml:34:13-72
168            <intent-filter>
168-->[com.google.firebase:firebase-auth:23.1.0] AndroidManifest.xml:35:13-45:29
169                <action android:name="android.intent.action.VIEW" />
169-->[com.google.firebase:firebase-auth:23.1.0] AndroidManifest.xml:36:17-69
169-->[com.google.firebase:firebase-auth:23.1.0] AndroidManifest.xml:36:25-66
170
171                <category android:name="android.intent.category.DEFAULT" />
171-->[com.google.firebase:firebase-auth:23.1.0] AndroidManifest.xml:38:17-76
171-->[com.google.firebase:firebase-auth:23.1.0] AndroidManifest.xml:38:27-73
172                <category android:name="android.intent.category.BROWSABLE" />
172-->[com.google.firebase:firebase-auth:23.1.0] AndroidManifest.xml:39:17-78
172-->[com.google.firebase:firebase-auth:23.1.0] AndroidManifest.xml:39:27-75
173
174                <data
174-->src\main\AndroidManifest.xml:42:13-50
175                    android:host="firebase.auth"
176                    android:path="/"
177                    android:scheme="genericidp" />
178            </intent-filter>
179        </activity>
180        <activity
180-->[com.google.firebase:firebase-auth:23.1.0] AndroidManifest.xml:47:9-64:20
181            android:name="com.google.firebase.auth.internal.RecaptchaActivity"
181-->[com.google.firebase:firebase-auth:23.1.0] AndroidManifest.xml:48:13-79
182            android:excludeFromRecents="true"
182-->[com.google.firebase:firebase-auth:23.1.0] AndroidManifest.xml:49:13-46
183            android:exported="true"
183-->[com.google.firebase:firebase-auth:23.1.0] AndroidManifest.xml:50:13-36
184            android:launchMode="singleTask"
184-->[com.google.firebase:firebase-auth:23.1.0] AndroidManifest.xml:51:13-44
185            android:theme="@android:style/Theme.Translucent.NoTitleBar" >
185-->[com.google.firebase:firebase-auth:23.1.0] AndroidManifest.xml:52:13-72
186            <intent-filter>
186-->[com.google.firebase:firebase-auth:23.1.0] AndroidManifest.xml:53:13-63:29
187                <action android:name="android.intent.action.VIEW" />
187-->[com.google.firebase:firebase-auth:23.1.0] AndroidManifest.xml:36:17-69
187-->[com.google.firebase:firebase-auth:23.1.0] AndroidManifest.xml:36:25-66
188
189                <category android:name="android.intent.category.DEFAULT" />
189-->[com.google.firebase:firebase-auth:23.1.0] AndroidManifest.xml:38:17-76
189-->[com.google.firebase:firebase-auth:23.1.0] AndroidManifest.xml:38:27-73
190                <category android:name="android.intent.category.BROWSABLE" />
190-->[com.google.firebase:firebase-auth:23.1.0] AndroidManifest.xml:39:17-78
190-->[com.google.firebase:firebase-auth:23.1.0] AndroidManifest.xml:39:27-75
191
192                <data
192-->src\main\AndroidManifest.xml:42:13-50
193                    android:host="firebase.auth"
194                    android:path="/"
195                    android:scheme="recaptcha" />
196            </intent-filter>
197        </activity>
198
199        <property
199-->[com.google.android.gms:play-services-measurement-api:22.1.2] AndroidManifest.xml:30:9-32:61
200            android:name="android.adservices.AD_SERVICES_CONFIG"
200-->[com.google.android.gms:play-services-measurement-api:22.1.2] AndroidManifest.xml:31:13-65
201            android:resource="@xml/ga_ad_services_config" />
201-->[com.google.android.gms:play-services-measurement-api:22.1.2] AndroidManifest.xml:32:13-58
202
203        <provider
203-->[com.google.firebase:firebase-common:21.0.0] AndroidManifest.xml:23:9-28:39
204            android:name="com.google.firebase.provider.FirebaseInitProvider"
204-->[com.google.firebase:firebase-common:21.0.0] AndroidManifest.xml:24:13-77
205            android:authorities="com.example.d_11_genrator_app.firebaseinitprovider"
205-->[com.google.firebase:firebase-common:21.0.0] AndroidManifest.xml:25:13-72
206            android:directBootAware="true"
206-->[com.google.firebase:firebase-common:21.0.0] AndroidManifest.xml:26:13-43
207            android:exported="false"
207-->[com.google.firebase:firebase-common:21.0.0] AndroidManifest.xml:27:13-37
208            android:initOrder="100" />
208-->[com.google.firebase:firebase-common:21.0.0] AndroidManifest.xml:28:13-36
209
210        <receiver
210-->[com.google.android.gms:play-services-measurement:22.1.2] AndroidManifest.xml:29:9-33:20
211            android:name="com.google.android.gms.measurement.AppMeasurementReceiver"
211-->[com.google.android.gms:play-services-measurement:22.1.2] AndroidManifest.xml:30:13-85
212            android:enabled="true"
212-->[com.google.android.gms:play-services-measurement:22.1.2] AndroidManifest.xml:31:13-35
213            android:exported="false" >
213-->[com.google.android.gms:play-services-measurement:22.1.2] AndroidManifest.xml:32:13-37
214        </receiver>
215
216        <service
216-->[com.google.android.gms:play-services-measurement:22.1.2] AndroidManifest.xml:35:9-38:40
217            android:name="com.google.android.gms.measurement.AppMeasurementService"
217-->[com.google.android.gms:play-services-measurement:22.1.2] AndroidManifest.xml:36:13-84
218            android:enabled="true"
218-->[com.google.android.gms:play-services-measurement:22.1.2] AndroidManifest.xml:37:13-35
219            android:exported="false" />
219-->[com.google.android.gms:play-services-measurement:22.1.2] AndroidManifest.xml:38:13-37
220        <service
220-->[com.google.android.gms:play-services-measurement:22.1.2] AndroidManifest.xml:39:9-43:72
221            android:name="com.google.android.gms.measurement.AppMeasurementJobService"
221-->[com.google.android.gms:play-services-measurement:22.1.2] AndroidManifest.xml:40:13-87
222            android:enabled="true"
222-->[com.google.android.gms:play-services-measurement:22.1.2] AndroidManifest.xml:41:13-35
223            android:exported="false"
223-->[com.google.android.gms:play-services-measurement:22.1.2] AndroidManifest.xml:42:13-37
224            android:permission="android.permission.BIND_JOB_SERVICE" />
224-->[com.google.android.gms:play-services-measurement:22.1.2] AndroidManifest.xml:43:13-69
225        <service
225-->[androidx.credentials:credentials-play-services-auth:1.2.0-rc01] AndroidManifest.xml:24:9-32:19
226            android:name="androidx.credentials.playservices.CredentialProviderMetadataHolder"
226-->[androidx.credentials:credentials-play-services-auth:1.2.0-rc01] AndroidManifest.xml:25:13-94
227            android:enabled="true"
227-->[androidx.credentials:credentials-play-services-auth:1.2.0-rc01] AndroidManifest.xml:26:13-35
228            android:exported="false" >
228-->[androidx.credentials:credentials-play-services-auth:1.2.0-rc01] AndroidManifest.xml:27:13-37
229            <meta-data
229-->[androidx.credentials:credentials-play-services-auth:1.2.0-rc01] AndroidManifest.xml:29:13-31:104
230                android:name="androidx.credentials.CREDENTIAL_PROVIDER_KEY"
230-->[androidx.credentials:credentials-play-services-auth:1.2.0-rc01] AndroidManifest.xml:30:17-76
231                android:value="androidx.credentials.playservices.CredentialProviderPlayServicesImpl" />
231-->[androidx.credentials:credentials-play-services-auth:1.2.0-rc01] AndroidManifest.xml:31:17-101
232        </service>
233
234        <activity
234-->[androidx.credentials:credentials-play-services-auth:1.2.0-rc01] AndroidManifest.xml:34:9-41:20
235            android:name="androidx.credentials.playservices.HiddenActivity"
235-->[androidx.credentials:credentials-play-services-auth:1.2.0-rc01] AndroidManifest.xml:35:13-76
236            android:configChanges="orientation|screenSize|screenLayout|keyboardHidden"
236-->[androidx.credentials:credentials-play-services-auth:1.2.0-rc01] AndroidManifest.xml:36:13-87
237            android:enabled="true"
237-->[androidx.credentials:credentials-play-services-auth:1.2.0-rc01] AndroidManifest.xml:37:13-35
238            android:exported="false"
238-->[androidx.credentials:credentials-play-services-auth:1.2.0-rc01] AndroidManifest.xml:38:13-37
239            android:fitsSystemWindows="true"
239-->[androidx.credentials:credentials-play-services-auth:1.2.0-rc01] AndroidManifest.xml:39:13-45
240            android:theme="@style/Theme.Hidden" >
240-->[androidx.credentials:credentials-play-services-auth:1.2.0-rc01] AndroidManifest.xml:40:13-48
241        </activity>
242        <activity
242-->[com.google.android.gms:play-services-auth:20.7.0] AndroidManifest.xml:23:9-27:75
243            android:name="com.google.android.gms.auth.api.signin.internal.SignInHubActivity"
243-->[com.google.android.gms:play-services-auth:20.7.0] AndroidManifest.xml:24:13-93
244            android:excludeFromRecents="true"
244-->[com.google.android.gms:play-services-auth:20.7.0] AndroidManifest.xml:25:13-46
245            android:exported="false"
245-->[com.google.android.gms:play-services-auth:20.7.0] AndroidManifest.xml:26:13-37
246            android:theme="@android:style/Theme.Translucent.NoTitleBar" />
246-->[com.google.android.gms:play-services-auth:20.7.0] AndroidManifest.xml:27:13-72
247        <!--
248            Service handling Google Sign-In user revocation. For apps that do not integrate with
249            Google Sign-In, this service will never be started.
250        -->
251        <service
251-->[com.google.android.gms:play-services-auth:20.7.0] AndroidManifest.xml:33:9-37:51
252            android:name="com.google.android.gms.auth.api.signin.RevocationBoundService"
252-->[com.google.android.gms:play-services-auth:20.7.0] AndroidManifest.xml:34:13-89
253            android:exported="true"
253-->[com.google.android.gms:play-services-auth:20.7.0] AndroidManifest.xml:35:13-36
254            android:permission="com.google.android.gms.auth.api.signin.permission.REVOCATION_NOTIFICATION"
254-->[com.google.android.gms:play-services-auth:20.7.0] AndroidManifest.xml:36:13-107
255            android:visibleToInstantApps="true" />
255-->[com.google.android.gms:play-services-auth:20.7.0] AndroidManifest.xml:37:13-48
256
257        <uses-library
257-->[androidx.window:window:1.2.0] AndroidManifest.xml:23:9-25:40
258            android:name="androidx.window.extensions"
258-->[androidx.window:window:1.2.0] AndroidManifest.xml:24:13-54
259            android:required="false" />
259-->[androidx.window:window:1.2.0] AndroidManifest.xml:25:13-37
260        <uses-library
260-->[androidx.window:window:1.2.0] AndroidManifest.xml:26:9-28:40
261            android:name="androidx.window.sidecar"
261-->[androidx.window:window:1.2.0] AndroidManifest.xml:27:13-51
262            android:required="false" />
262-->[androidx.window:window:1.2.0] AndroidManifest.xml:28:13-37
263
264        <activity
264-->[com.google.android.gms:play-services-base:18.5.0] AndroidManifest.xml:5:9-173
265            android:name="com.google.android.gms.common.api.GoogleApiActivity"
265-->[com.google.android.gms:play-services-base:18.5.0] AndroidManifest.xml:5:19-85
266            android:exported="false"
266-->[com.google.android.gms:play-services-base:18.5.0] AndroidManifest.xml:5:146-170
267            android:theme="@android:style/Theme.Translucent.NoTitleBar" />
267-->[com.google.android.gms:play-services-base:18.5.0] AndroidManifest.xml:5:86-145
268
269        <meta-data
269-->[com.google.android.gms:play-services-basement:18.4.0] AndroidManifest.xml:6:9-122
270            android:name="com.google.android.gms.version"
270-->[com.google.android.gms:play-services-basement:18.4.0] AndroidManifest.xml:6:20-65
271            android:value="@integer/google_play_services_version" />
271-->[com.google.android.gms:play-services-basement:18.4.0] AndroidManifest.xml:6:66-119
272
273        <uses-library
273-->[androidx.privacysandbox.ads:ads-adservices:1.0.0-beta05] AndroidManifest.xml:23:9-25:40
274            android:name="android.ext.adservices"
274-->[androidx.privacysandbox.ads:ads-adservices:1.0.0-beta05] AndroidManifest.xml:24:13-50
275            android:required="false" />
275-->[androidx.privacysandbox.ads:ads-adservices:1.0.0-beta05] AndroidManifest.xml:25:13-37
276
277        <provider
277-->[androidx.lifecycle:lifecycle-process:2.7.0] AndroidManifest.xml:24:9-32:20
278            android:name="androidx.startup.InitializationProvider"
278-->[androidx.lifecycle:lifecycle-process:2.7.0] AndroidManifest.xml:25:13-67
279            android:authorities="com.example.d_11_genrator_app.androidx-startup"
279-->[androidx.lifecycle:lifecycle-process:2.7.0] AndroidManifest.xml:26:13-68
280            android:exported="false" >
280-->[androidx.lifecycle:lifecycle-process:2.7.0] AndroidManifest.xml:27:13-37
281            <meta-data
281-->[androidx.lifecycle:lifecycle-process:2.7.0] AndroidManifest.xml:29:13-31:52
282                android:name="androidx.lifecycle.ProcessLifecycleInitializer"
282-->[androidx.lifecycle:lifecycle-process:2.7.0] AndroidManifest.xml:30:17-78
283                android:value="androidx.startup" />